[INFO   ] Logger: Record log in /storage/emulated/0/kivy/AttendanceApp/.kivy/logs/kivy_23-04-18_33.txt
[INFO   ] Kivy: v2.0.0
[INFO   ] Kivy: Installed at "/data/user/0/ru.iiec.pydroid3/files/aarch64-linux-android/lib/python3.9/site-packages/kivy/__init__.py"
[INFO   ] Python: v3.9.7 (default, Oct  6 2021, 01:34:26) 
[GCC 11.1.0]
[INFO   ] Python: Interpreter at "/data/user/0/ru.iiec.pydroid3/files/aarch64-linux-android/bin/python3"
[INFO   ] Factory: 186 symbols loaded
[INFO   ] Image: Providers: img_tex, img_dds, img_sdl2, img_pil (img_ffpyplayer ignored)
[INFO   ] Text: Provider: sdl2
[INFO   ] Window: Provider: sdl2
[INFO   ] GL: Using the "OpenGL ES 2" graphics system
[INFO   ] GL: Backend used <sdl2>
[INFO   ] GL: OpenGL version <b'OpenGL ES 3.2 v1.r12p0-04rel0.2034b5b303dca12c48abf5518afe7d96'>
[INFO   ] GL: OpenGL vendor <b'ARM'>
[INFO   ] GL: OpenGL renderer <b'Mali-T880'>
[INFO   ] GL: OpenGL parsed version: 3, 2
[INFO   ] GL: Texture max size <8192>
[INFO   ] GL: Texture max units <16>
[INFO   ] Window: auto add sdl2 input provider
[INFO   ] Window: virtual keyboard not allowed, single mode, not docked
[INFO   ] GL: NPOT texture support is available
[WARNING] stderr: Traceback (most recent call last):
[WARNING] stderr:   File "/data/user/0/ru.iiec.pydroid3/files/aarch64-linux-android/lib/python3.9/site-packages/kivy/lang/builder.py", line 242, in create_handler
[WARNING] stderr:     return eval(value, idmap), bound_list
[WARNING] stderr:   File "/storage/emulated/0/kivy/AttendanceApp/main.kv", line 45, in <module>
[WARNING] stderr:     color: green
[WARNING] stderr: NameError: name 'green' is not defined
[WARNING] stderr: 
[WARNING] stderr: During handling of the above exception, another exception occurred:
[WARNING] stderr: 
[WARNING] stderr: Traceback (most recent call last):
[WARNING] stderr:   File "/data/user/0/ru.iiec.pydroid3/files/aarch64-linux-android/lib/python3.9/site-packages/kivy/lang/builder.py", line 695, in _apply_rule
[WARNING] stderr:     value, bound = create_handler(
[WARNING] stderr:   File "/data/user/0/ru.iiec.pydroid3/files/aarch64-linux-android/lib/python3.9/site-packages/kivy/lang/builder.py", line 245, in create_handler
[WARNING] stderr:     raise BuilderException(rule.ctx, rule.line,
[WARNING] stderr: kivy.lang.builder.BuilderException: Parser: File "/storage/emulated/0/kivy/AttendanceApp/main.kv", line 45:
[WARNING] stderr: ...
[WARNING] stderr:      43:        text: "Student has been registered Successfully"
[WARNING] stderr:      44:        bold: True
[WARNING] stderr: >>   45:        color: green
[WARNING] stderr:      46:        size_hint: 0.2, 0.1
[WARNING] stderr:      47:        pos_hint: {"x" : 0.4, "top" : 0.5}
[WARNING] stderr: ...
[WARNING] stderr: NameError: name 'green' is not defined
[WARNING] stderr:   File "/data/user/0/ru.iiec.pydroid3/files/aarch64-linux-android/lib/python3.9/site-packages/kivy/lang/builder.py", line 242, in create_handler
[WARNING] stderr:     return eval(value, idmap), bound_list
[WARNING] stderr:   File "/storage/emulated/0/kivy/AttendanceApp/main.kv", line 45, in <module>
[WARNING] stderr:     color: green
[WARNING] stderr: 
[WARNING] stderr: 
[WARNING] stderr: During handling of the above exception, another exception occurred:
[WARNING] stderr: 
[WARNING] stderr: Traceback (most recent call last):
[WARNING] stderr:   File "/storage/emulated/0/kivy/AttendanceApp/main.py", line 43, in <module>
[WARNING] stderr:     MainApp().run()
[WARNING] stderr:   File "/data/user/0/ru.iiec.pydroid3/files/aarch64-linux-android/lib/python3.9/site-packages/kivy/app.py", line 949, in run
[WARNING] stderr:     self._run_prepare()
[WARNING] stderr:   File "/data/user/0/ru.iiec.pydroid3/files/aarch64-linux-android/lib/python3.9/site-packages/kivy/app.py", line 919, in _run_prepare
[WARNING] stderr:     root = self.build()
[WARNING] stderr:   File "/storage/emulated/0/kivy/AttendanceApp/main.py", line 29, in build
[WARNING] stderr:     register_success = RegisterSuccess(name='Successful')
[WARNING] stderr:   File "/data/user/0/ru.iiec.pydroid3/files/aarch64-linux-android/lib/python3.9/site-packages/kivy/uix/relativelayout.py", line 274, in __init__
[WARNING] stderr:     super(RelativeLayout, self).__init__(**kw)
[WARNING] stderr:   File "/data/user/0/ru.iiec.pydroid3/files/aarch64-linux-android/lib/python3.9/site-packages/kivy/uix/floatlayout.py", line 65, in __init__
[WARNING] stderr:     super(FloatLayout, self).__init__(**kwargs)
[WARNING] stderr:   File "/data/user/0/ru.iiec.pydroid3/files/aarch64-linux-android/lib/python3.9/site-packages/kivy/uix/layout.py", line 76, in __init__
[WARNING] stderr:     super(Layout, self).__init__(**kwargs)
[WARNING] stderr:   File "/data/user/0/ru.iiec.pydroid3/files/aarch64-linux-android/lib/python3.9/site-packages/kivy/uix/widget.py", line 359, in __init__
[WARNING] stderr:     self.apply_class_lang_rules(
[WARNING] stderr:   File "/data/user/0/ru.iiec.pydroid3/files/aarch64-linux-android/lib/python3.9/site-packages/kivy/uix/widget.py", line 463, in apply_class_lang_rules
[WARNING] stderr:     Builder.apply(
[WARNING] stderr:   File "/data/user/0/ru.iiec.pydroid3/files/aarch64-linux-android/lib/python3.9/site-packages/kivy/lang/builder.py", line 541, in apply
[WARNING] stderr:     self._apply_rule(
[WARNING] stderr:   File "/data/user/0/ru.iiec.pydroid3/files/aarch64-linux-android/lib/python3.9/site-packages/kivy/lang/builder.py", line 710, in _apply_rule
[WARNING] stderr:     raise BuilderException(rule.ctx, rule.line,
[WARNING] stderr: kivy.lang.builder.BuilderException: Parser: File "/storage/emulated/0/kivy/AttendanceApp/main.kv", line 45:
[WARNING] stderr: ...
[WARNING] stderr:      43:        text: "Student has been registered Successfully"
[WARNING] stderr:      44:        bold: True
[WARNING] stderr: >>   45:        color: green
[WARNING] stderr:      46:        size_hint: 0.2, 0.1
[WARNING] stderr:      47:        pos_hint: {"x" : 0.4, "top" : 0.5}
[WARNING] stderr: ...
[WARNING] stderr: BuilderException: Parser: File "/storage/emulated/0/kivy/AttendanceApp/main.kv", line 45:
[WARNING] stderr: ...
[WARNING] stderr:      43:        text: "Student has been registered Successfully"
[WARNING] stderr:      44:        bold: True
[WARNING] stderr: >>   45:        color: green
[WARNING] stderr:      46:        size_hint: 0.2, 0.1
[WARNING] stderr:      47:        pos_hint: {"x" : 0.4, "top" : 0.5}
[WARNING] stderr: ...
[WARNING] stderr: NameError: name 'green' is not defined
[WARNING] stderr:   File "/data/user/0/ru.iiec.pydroid3/files/aarch64-linux-android/lib/python3.9/site-packages/kivy/lang/builder.py", line 242, in create_handler
[WARNING] stderr:     return eval(value, idmap), bound_list
[WARNING] stderr:   File "/storage/emulated/0/kivy/AttendanceApp/main.kv", line 45, in <module>
[WARNING] stderr:     color: green
[WARNING] stderr: 
[WARNING] stderr:   File "/data/user/0/ru.iiec.pydroid3/files/aarch64-linux-android/lib/python3.9/site-packages/kivy/lang/builder.py", line 695, in _apply_rule
[WARNING] stderr:     value, bound = create_handler(
[WARNING] stderr:   File "/data/user/0/ru.iiec.pydroid3/files/aarch64-linux-android/lib/python3.9/site-packages/kivy/lang/builder.py", line 245, in create_handler
[WARNING] stderr:     raise BuilderException(rule.ctx, rule.line,
[WARNING] stderr: 
